2021-05-28 16:41:29.271  WARN 3366 --- [restartedMain] o.s.boot.StartupInfoLogger               : InetAddress.getLocalHost().getHostName() took 5004 milliseconds to respond. Please verify your network configuration (macOS machines may need to add entries to /etc/hosts).
2021-05-28 16:41:34.283  INFO 3366 --- [restartedMain] com.api.IntelligentCommunityApp          : Starting IntelligentCommunityApp on appledeMacBook-Pro-4.local with PID 3366 (/Users/AKU001/IdeaProjects/IntelligentCommunity/target/classes started by AKU001 in /Users/AKU001/IdeaProjects/IntelligentCommunity)
2021-05-28 16:41:34.284  INFO 3366 --- [restartedMain] com.api.IntelligentCommunityApp          : The following profiles are active: upload,sdk,localdb,alipay,testRes
2021-05-28 16:41:34.385  INFO 3366 --- [restartedMain] .e.DevToolsPropertyDefaultsPostProcessor : Devtools property defaults active! Set 'spring.devtools.add-properties' to 'false' to disable
2021-05-28 16:41:34.385  INFO 3366 --- [restartedMain] .e.DevToolsPropertyDefaultsPostProcessor : For additional web related logging consider setting the 'logging.level.web' property to 'DEBUG'
2021-05-28 16:41:36.273  INFO 3366 --- [restartedMain] .s.d.r.c.RepositoryConfigurationDelegate : Multiple Spring Data modules found, entering strict repository configuration mode!
2021-05-28 16:41:36.277  INFO 3366 --- [restartedMain] .s.d.r.c.RepositoryConfigurationDelegate : Bootstrapping Spring Data Redis repositories in DEFAULT mode.
2021-05-28 16:41:36.500  INFO 3366 --- [restartedMain] .s.d.r.c.RepositoryConfigurationDelegate : Finished Spring Data repository scanning in 199ms. Found 0 Redis repository interfaces.
2021-05-28 16:41:37.278  INFO 3366 --- [restartedMain] trationDelegate$BeanPostProcessorChecker : Bean 'shiroConfig' of type [com.api.manage.shiro.ShiroConfig$$EnhancerBySpringCGLIB$$40183552] is not eligible for getting processed by all BeanPostProcessors (for example: not eligible for auto-proxying)
2021-05-28 16:41:37.449  INFO 3366 --- [restartedMain] trationDelegate$BeanPostProcessorChecker : Bean 'mybatis-org.mybatis.spring.boot.autoconfigure.MybatisProperties' of type [org.mybatis.spring.boot.autoconfigure.MybatisProperties] is not eligible for getting processed by all BeanPostProcessors (for example: not eligible for auto-proxying)
2021-05-28 16:41:37.461  INFO 3366 --- [restartedMain] trationDelegate$BeanPostProcessorChecker : Bean 'org.mybatis.spring.boot.autoconfigure.MybatisAutoConfiguration' of type [org.mybatis.spring.boot.autoconfigure.MybatisAutoConfiguration$$EnhancerBySpringCGLIB$$2c496d0f] is not eligible for getting processed by all BeanPostProcessors (for example: not eligible for auto-proxying)
2021-05-28 16:41:37.463  INFO 3366 --- [restartedMain] trationDelegate$BeanPostProcessorChecker : Bean 'org.springframework.boot.autoconfigure.jdbc.DataSourceConfiguration$Hikari' of type [org.springframework.boot.autoconfigure.jdbc.DataSourceConfiguration$Hikari] is not eligible for getting processed by all BeanPostProcessors (for example: not eligible for auto-proxying)
2021-05-28 16:41:37.476  INFO 3366 --- [restartedMain] trationDelegate$BeanPostProcessorChecker : Bean 'spring.datasource-org.springframework.boot.autoconfigure.jdbc.DataSourceProperties' of type [org.springframework.boot.autoconfigure.jdbc.DataSourceProperties] is not eligible for getting processed by all BeanPostProcessors (for example: not eligible for auto-proxying)
2021-05-28 16:41:37.508  INFO 3366 --- [restartedMain] trationDelegate$BeanPostProcessorChecker : Bean 'dataSource' of type [com.zaxxer.hikari.HikariDataSource] is not eligible for getting processed by all BeanPostProcessors (for example: not eligible for auto-proxying)
2021-05-28 16:41:39.028  INFO 3366 --- [restartedMain] trationDelegate$BeanPostProcessorChecker : Bean 'sqlSessionFactory' of type [org.apache.ibatis.session.defaults.DefaultSqlSessionFactory] is not eligible for getting processed by all BeanPostProcessors (for example: not eligible for auto-proxying)
2021-05-28 16:41:39.034  INFO 3366 --- [restartedMain] trationDelegate$BeanPostProcessorChecker : Bean 'sqlSessionTemplate' of type [org.mybatis.spring.SqlSessionTemplate] is not eligible for getting processed by all BeanPostProcessors (for example: not eligible for auto-proxying)
2021-05-28 16:41:39.036  INFO 3366 --- [restartedMain] trationDelegate$BeanPostProcessorChecker : Bean 'sysLoginDao' of type [org.mybatis.spring.mapper.MapperFactoryBean] is not eligible for getting processed by all BeanPostProcessors (for example: not eligible for auto-proxying)
2021-05-28 16:41:39.039  INFO 3366 --- [restartedMain] trationDelegate$BeanPostProcessorChecker : Bean 'sysLoginDao' of type [com.sun.proxy.$Proxy73] is not eligible for getting processed by all BeanPostProcessors (for example: not eligible for auto-proxying)
2021-05-28 16:41:39.039  INFO 3366 --- [restartedMain] trationDelegate$BeanPostProcessorChecker : Bean 'sysLoginServiceImpl' of type [com.api.manage.service.system.impl.SysLoginServiceImpl] is not eligible for getting processed by all BeanPostProcessors (for example: not eligible for auto-proxying)
2021-05-28 16:41:39.045  INFO 3366 --- [restartedMain] trationDelegate$BeanPostProcessorChecker : Bean 'sysRoleDao' of type [org.mybatis.spring.mapper.MapperFactoryBean] is not eligible for getting processed by all BeanPostProcessors (for example: not eligible for auto-proxying)
2021-05-28 16:41:39.046  INFO 3366 --- [restartedMain] trationDelegate$BeanPostProcessorChecker : Bean 'sysRoleDao' of type [com.sun.proxy.$Proxy74] is not eligible for getting processed by all BeanPostProcessors (for example: not eligible for auto-proxying)
2021-05-28 16:41:39.046  INFO 3366 --- [restartedMain] trationDelegate$BeanPostProcessorChecker : Bean 'sysRoleServiceImpl' of type [com.api.manage.service.system.impl.SysRoleServiceImpl] is not eligible for getting processed by all BeanPostProcessors (for example: not eligible for auto-proxying)
2021-05-28 16:41:39.050  INFO 3366 --- [restartedMain] trationDelegate$BeanPostProcessorChecker : Bean 'sysJurisdictionDao' of type [org.mybatis.spring.mapper.MapperFactoryBean] is not eligible for getting processed by all BeanPostProcessors (for example: not eligible for auto-proxying)
2021-05-28 16:41:39.051  INFO 3366 --- [restartedMain] trationDelegate$BeanPostProcessorChecker : Bean 'sysJurisdictionDao' of type [com.sun.proxy.$Proxy75] is not eligible for getting processed by all BeanPostProcessors (for example: not eligible for auto-proxying)
2021-05-28 16:41:39.052  INFO 3366 --- [restartedMain] trationDelegate$BeanPostProcessorChecker : Bean 'sysJurisdictionServiceImpl' of type [com.api.manage.service.system.impl.SysJurisdictionServiceImpl] is not eligible for getting processed by all BeanPostProcessors (for example: not eligible for auto-proxying)
2021-05-28 16:41:39.052  INFO 3366 --- [restartedMain] trationDelegate$BeanPostProcessorChecker : Bean 'myRealm' of type [com.api.manage.shiro.MyRealm] is not eligible for getting processed by all BeanPostProcessors (for example: not eligible for auto-proxying)
2021-05-28 16:41:39.302  INFO 3366 --- [restartedMain] trationDelegate$BeanPostProcessorChecker : Bean 'sessionManager' of type [com.api.manage.shiro.MySessionManager] is not eligible for getting processed by all BeanPostProcessors (for example: not eligible for auto-proxying)
2021-05-28 16:41:39.307  INFO 3366 --- [restartedMain] trationDelegate$BeanPostProcessorChecker : Bean 'securityManager' of type [org.apache.shiro.web.mgt.DefaultWebSecurityManager] is not eligible for getting processed by all BeanPostProcessors (for example: not eligible for auto-proxying)
2021-05-28 16:41:39.377  INFO 3366 --- [restartedMain] trationDelegate$BeanPostProcessorChecker : Bean 'authorizationAttributeSourceAdvisor' of type [org.apache.shiro.spring.security.interceptor.AuthorizationAttributeSourceAdvisor] is not eligible for getting processed by all BeanPostProcessors (for example: not eligible for auto-proxying)
2021-05-28 16:41:39.404  INFO 3366 --- [restartedMain] trationDelegate$BeanPostProcessorChecker : Bean 'org.springframework.transaction.annotation.ProxyTransactionManagementConfiguration' of type [org.springframework.transaction.annotation.ProxyTransactionManagementConfiguration] is not eligible for getting processed by all BeanPostProcessors (for example: not eligible for auto-proxying)
2021-05-28 16:41:40.007  INFO 3366 --- [restartedMain] o.s.b.w.embedded.tomcat.TomcatWebServer  : Tomcat initialized with port(s): 9001 (http)
2021-05-28 16:41:40.018  INFO 3366 --- [restartedMain] o.apache.catalina.core.StandardService   : Starting service [Tomcat]
2021-05-28 16:41:40.019  INFO 3366 --- [restartedMain] org.apache.catalina.core.StandardEngine  : Starting Servlet engine: [Apache Tomcat/9.0.29]
2021-05-28 16:41:40.145  INFO 3366 --- [restartedMain] o.a.c.c.C.[Tomcat].[localhost].[/]       : Initializing Spring embedded WebApplicationContext
2021-05-28 16:41:40.145  INFO 3366 --- [restartedMain] o.s.web.context.ContextLoader            : Root WebApplicationContext: initialization completed in 5760 ms
2021-05-28 16:41:42.176  INFO 3366 --- [restartedMain] o.s.s.concurrent.ThreadPoolTaskExecutor  : Initializing ExecutorService 'applicationTaskExecutor'
2021-05-28 16:41:42.606  WARN 3366 --- [restartedMain] ion$DefaultTemplateResolverConfiguration : Cannot find template location: classpath:/templates/ (please add some templates or check your Thymeleaf configuration)
2021-05-28 16:41:43.462  INFO 3366 --- [restartedMain] org.quartz.impl.StdSchedulerFactory      : Using default implementation for ThreadExecutor
2021-05-28 16:41:43.477  INFO 3366 --- [restartedMain] org.quartz.core.SchedulerSignalerImpl    : Initialized Scheduler Signaller of type: class org.quartz.core.SchedulerSignalerImpl
2021-05-28 16:41:43.479  INFO 3366 --- [restartedMain] org.quartz.core.QuartzScheduler          : Quartz Scheduler v.2.2.1 created.
2021-05-28 16:41:43.481  INFO 3366 --- [restartedMain] org.quartz.simpl.RAMJobStore             : RAMJobStore initialized.
2021-05-28 16:41:43.482  INFO 3366 --- [restartedMain] org.quartz.core.QuartzScheduler          : Scheduler meta-data: Quartz Scheduler (v2.2.1) 'quartzScheduler' with instanceId 'NON_CLUSTERED'
  Scheduler class: 'org.quartz.core.QuartzScheduler' - running locally.
  NOT STARTED.
  Currently in standby mode.
  Number of jobs executed: 0
  Using thread pool 'org.quartz.simpl.SimpleThreadPool' - with 10 threads.
  Using job-store 'org.quartz.simpl.RAMJobStore' - which does not support persistence. and is not clustered.

2021-05-28 16:41:43.482  INFO 3366 --- [restartedMain] org.quartz.impl.StdSchedulerFactory      : Quartz scheduler 'quartzScheduler' initialized from an externally provided properties instance.
2021-05-28 16:41:43.482  INFO 3366 --- [restartedMain] org.quartz.impl.StdSchedulerFactory      : Quartz scheduler version: 2.2.1
2021-05-28 16:41:43.482  INFO 3366 --- [restartedMain] org.quartz.core.QuartzScheduler          : JobFactory set to: org.springframework.scheduling.quartz.SpringBeanJobFactory@3ee98c41
2021-05-28 16:41:43.506  INFO 3366 --- [restartedMain] o.s.s.c.ThreadPoolTaskScheduler          : Initializing ExecutorService 'taskScheduler'
2021-05-28 16:41:43.809  INFO 3366 --- [restartedMain] o.s.b.d.a.OptionalLiveReloadServer       : LiveReload server is running on port 35729
2021-05-28 16:41:43.882  INFO 3366 --- [restartedMain] o.s.s.quartz.SchedulerFactoryBean        : Starting Quartz Scheduler now
2021-05-28 16:41:43.882  INFO 3366 --- [restartedMain] org.quartz.core.QuartzScheduler          : Scheduler quartzScheduler_$_NON_CLUSTERED started.
2021-05-28 16:41:44.175  INFO 3366 --- [restartedMain] o.s.b.w.embedded.tomcat.TomcatWebServer  : Tomcat started on port(s): 9001 (http) with context path ''
2021-05-28 16:41:44.180  INFO 3366 --- [restartedMain] com.api.IntelligentCommunityApp          : Started IntelligentCommunityApp in 25.685 seconds (JVM running for 31.775)
2021-05-28 16:42:05.913  INFO 3366 --- [http-nio-9001-exec-1] o.a.c.c.C.[Tomcat].[localhost].[/]       : Initializing Spring DispatcherServlet 'dispatcherServlet'
2021-05-28 16:42:05.915  INFO 3366 --- [http-nio-9001-exec-1] o.s.web.servlet.DispatcherServlet        : Initializing Servlet 'dispatcherServlet'
2021-05-28 16:42:05.934  INFO 3366 --- [http-nio-9001-exec-1] o.s.web.servlet.DispatcherServlet        : Completed initialization in 19 ms
2021-05-28 16:42:05.964  INFO 3366 --- [http-nio-9001-exec-1] a.s.s.m.AbstractValidatingSessionManager : Enabling session validation scheduler...
2021-05-28 16:42:06.034  INFO 3366 --- [http-nio-9001-exec-1] c.api.manage.controller.TestController2  : 这个测试log日志
2021-05-28 16:43:00.001  INFO 3366 --- [scheduling-2] com.api.manage.config.SysAutoRemind      : 测试定时任务2
2021-05-28 16:43:00.001  INFO 3366 --- [scheduling-1] com.api.manage.config.SysAutoRemind      : 测试定时任务1
2021-05-28 16:45:02.569  INFO 3366 --- [SpringContextShutdownHook] org.quartz.core.QuartzScheduler          : Scheduler quartzScheduler_$_NON_CLUSTERED paused.
2021-05-28 16:45:02.616  INFO 3366 --- [SpringContextShutdownHook] o.s.s.c.ThreadPoolTaskScheduler          : Shutting down ExecutorService 'taskScheduler'
2021-05-28 16:45:02.622  INFO 3366 --- [SpringContextShutdownHook] o.s.s.quartz.SchedulerFactoryBean        : Shutting down Quartz Scheduler
2021-05-28 16:45:02.624  INFO 3366 --- [SpringContextShutdownHook] org.quartz.core.QuartzScheduler          : Scheduler quartzScheduler_$_NON_CLUSTERED shutting down.
2021-05-28 16:45:02.625  INFO 3366 --- [SpringContextShutdownHook] org.quartz.core.QuartzScheduler          : Scheduler quartzScheduler_$_NON_CLUSTERED paused.
2021-05-28 16:45:02.628  INFO 3366 --- [SpringContextShutdownHook] org.quartz.core.QuartzScheduler          : Scheduler quartzScheduler_$_NON_CLUSTERED shutdown complete.
2021-05-28 16:45:02.838  INFO 3366 --- [SpringContextShutdownHook] o.s.s.concurrent.ThreadPoolTaskExecutor  : Shutting down ExecutorService 'applicationTaskExecutor'
2021-05-28 16:45:02.863  INFO 3366 --- [SpringContextShutdownHook] a.s.s.m.AbstractValidatingSessionManager : Disabled session validation scheduler.
